生成启动时间为 2019/7/31 17:18:44。
     1>项目“D:\code\fastdb\fastdb.vcxproj”在节点 2 上(build 个目标)。
     1>InitializeBuildStatus:
         正在创建“Debug DLL\fastdb.unsuccessfulbuild”，因为已指定“AlwaysCreate”。
       ClCompile:
         所有输出均为最新。
       Link:
         所有输出均为最新。
         fastdb.vcxproj -> D:\code\fastdb\Debug DLL\fastdb.dll
       PostBuildEvent:
         xcopy "D:\code\fastdb\Debug DLL\fastdb.dll" "D:\code\visual studio 2010\fastDBTEST\dll\" /Y 
         xcopy "D:\code\fastdb\Debug DLL\fastdb.lib" "D:\code\visual studio 2010\fastDBTEST\lib\" /Y
         :VCEnd
         D:\code\fastdb\Debug DLL\fastdb.dll
         复制了 1 个文件
         D:\code\fastdb\Debug DLL\fastdb.lib
         复制了 1 个文件
       FinalizeBuildStatus:
         正在删除文件“Debug DLL\fastdb.unsuccessfulbuild”。
         正在对“Debug DLL\fastdb.lastbuildstate”执行 Touch 任务。
     1>已完成生成项目“D:\code\fastdb\fastdb.vcxproj”(build 个目标)的操作。

生成成功。

已用时间 00:00:00.90
