D:\code\fastdb\Debug DLL\cl.command.1.tlog
D:\code\fastdb\Debug DLL\CL.read.1.tlog
D:\code\fastdb\Debug DLL\CL.write.1.tlog
D:\CODE\FASTDB\DEBUG DLL\FASTDB.DLL
D:\CODE\FASTDB\DEBUG DLL\FASTDB.DLL.INTERMEDIATE.MANIFEST
D:\code\fastdb\Debug DLL\fastdb.exp
D:\code\fastdb\Debug DLL\fastdb.lib
D:\code\fastdb\Debug DLL\fastdb.write.1.tlog
D:\code\fastdb\Debug DLL\link.command.1.tlog
D:\code\fastdb\Debug DLL\link.read.1.tlog
D:\code\fastdb\Debug DLL\link.write.1.tlog
D:\code\fastdb\Debug DLL\mt.command.1.tlog
D:\code\fastdb\Debug DLL\mt.read.1.tlog
D:\code\fastdb\Debug DLL\mt.write.1.tlog
D:\CODE\FASTDB\DEBUG\CLASS.OBJ
D:\CODE\FASTDB\DEBUG\COMPILER.OBJ
D:\CODE\FASTDB\DEBUG\CONTAINER.OBJ
D:\CODE\FASTDB\DEBUG\CURSOR.OBJ
D:\CODE\FASTDB\DEBUG\DATABASE.OBJ
D:\CODE\FASTDB\DEBUG\FILE.OBJ
D:\CODE\FASTDB\DEBUG\HASHTAB.OBJ
D:\CODE\FASTDB\DEBUG\LOCALCLI.OBJ
D:\CODE\FASTDB\DEBUG\QUERY.OBJ
D:\CODE\FASTDB\DEBUG\REPSOCK.OBJ
D:\CODE\FASTDB\DEBUG\RTREE.OBJ
D:\CODE\FASTDB\DEBUG\SERVER.OBJ
D:\CODE\FASTDB\DEBUG\STDTP.OBJ
D:\CODE\FASTDB\DEBUG\SYMTAB.OBJ
D:\CODE\FASTDB\DEBUG\SYNC.OBJ
D:\CODE\FASTDB\DEBUG\TTREE.OBJ
D:\CODE\FASTDB\DEBUG\VC100.PDB
D:\CODE\FASTDB\DEBUG\W32SOCK.OBJ
D:\CODE\FASTDB\DEBUG\WWWAPI.OBJ
D:\CODE\FASTDB\DEBUG\XML.OBJ
