D:\开发\fastdb\.\Debug\fastdb.lib
D:\开发\fastdb\Debug\cl.command.1.tlog
D:\开发\fastdb\Debug\CL.read.1.tlog
D:\开发\fastdb\Debug\CL.write.1.tlog
D:\开发\FASTDB\DEBUG\CLASS.OBJ
D:\开发\FASTDB\DEBUG\COMPILER.OBJ
D:\开发\FASTDB\DEBUG\CONTAINER.OBJ
D:\开发\FASTDB\DEBUG\CURSOR.OBJ
D:\开发\FASTDB\DEBUG\DATABASE.OBJ
D:\开发\FASTDB\DEBUG\FASTDB.LIB
D:\开发\fastdb\Debug\fastdb.write.1.tlog
D:\开发\FASTDB\DEBUG\FILE.OBJ
D:\开发\FASTDB\DEBUG\HASHTAB.OBJ
D:\开发\fastdb\Debug\lib.command.1.tlog
D:\开发\fastdb\Debug\Lib-link.read.1.tlog
D:\开发\fastdb\Debug\Lib-link.write.1.tlog
D:\开发\FASTDB\DEBUG\LOCALCLI.OBJ
D:\开发\FASTDB\DEBUG\QUERY.OBJ
D:\开发\FASTDB\DEBUG\REPSOCK.OBJ
D:\开发\FASTDB\DEBUG\RTREE.OBJ
D:\开发\FASTDB\DEBUG\SERVER.OBJ
D:\开发\FASTDB\DEBUG\STDTP.OBJ
D:\开发\FASTDB\DEBUG\SYMTAB.OBJ
D:\开发\FASTDB\DEBUG\SYNC.OBJ
D:\开发\FASTDB\DEBUG\TTREE.OBJ
D:\开发\fastdb\Debug\vc100.idb
D:\开发\FASTDB\DEBUG\VC100.PDB
D:\开发\FASTDB\DEBUG\W32SOCK.OBJ
D:\开发\FASTDB\DEBUG\WWWAPI.OBJ
D:\开发\FASTDB\DEBUG\XML.OBJ
