生成启动时间为 2019/7/16 10:05:10。
     1>项目“D:\code\fastdb2\fastdb.vcxproj”在节点 2 上(build 个目标)。
     1>InitializeBuildStatus:
         正在创建“Debug DLL\fastdb.unsuccessfulbuild”，因为已指定“AlwaysCreate”。
       MakeDirsForCl:
         正在创建目录“D:\code\fastdb2\.\Debug”。
       ClCompile:
         C:\Program Files (x86)\Microsoft Visual Studio 10.0\VC\bin\CL.exe /c /Iinc /ZI /nologo /W3 /WX- /Od /Oy- /D FASTDB_DLL /D WIN32 /D _WIN32 /D _DEBUG /D _WINDOWS /D USE_LOCALE_SETTINGS /D USE_STD_STRING /D AUTOINCREMENT_SUPPORT /D THROW_EXCEPTION_ON_ERROR /D _VC80_UPGRADE=0x0600 /D _WINDLL /D _MBCS /Gm- /EHsc /RTC1 /MDd /GS /fp:precise /Zc:wchar_t /Zc:forScope /Fo".\Debug/" /Fd".\Debug/vc100.pdb" /Gd /TP /analyze- /errorReport:prompt src\class.cpp src\compiler.cpp src\container.cpp src\cursor.cpp src\database.cpp src\file.cpp src\hashtab.cpp src\localcli.cpp src\query.cpp src\repsock.cpp src\rtree.cpp src\server.cpp src\stdtp.cpp src\symtab.cpp src\sync.cpp src\ttree.cpp src\w32sock.cpp src\wwwapi.cpp src\xml.cpp
         class.cpp
         compiler.cpp
         container.cpp
         cursor.cpp
         database.cpp
         file.cpp
         hashtab.cpp
         localcli.cpp
         query.cpp
         repsock.cpp
         rtree.cpp
         server.cpp
         stdtp.cpp
         symtab.cpp
         sync.cpp
         ttree.cpp
         w32sock.cpp
         wwwapi.cpp
         xml.cpp
         正在生成代码...
       Link:
         C:\Program Files (x86)\Microsoft Visual Studio 10.0\VC\bin\link.exe /ERRORREPORT:PROMPT /OUT:"Debug DLL\fastdb.dll" /NOLOGO wsock32.lib kernel32.lib user32.lib gdi32.lib winspool.lib comdlg32.lib advapi32.lib shell32.lib ole32.lib oleaut32.lib uuid.lib odbc32.lib odbccp32.lib /MANIFEST /ManifestFile:"Debug DLL\fastdb.dll.intermediate.manifest" /MANIFESTUAC:"level='asInvoker' uiAccess='false'" /PDB:"D:\code\fastdb2\Debug DLL\fastdb.pdb" /TLBID:1 /DYNAMICBASE /NXCOMPAT /IMPLIB:"Debug DLL\fastdb.lib" /MACHINE:X86 /DLL .\Debug/class.obj
         .\Debug/compiler.obj
         .\Debug/container.obj
         .\Debug/cursor.obj
         .\Debug/database.obj
         .\Debug/file.obj
         .\Debug/hashtab.obj
         .\Debug/localcli.obj
         .\Debug/query.obj
         .\Debug/repsock.obj
         .\Debug/rtree.obj
         .\Debug/server.obj
         .\Debug/stdtp.obj
         .\Debug/symtab.obj
         .\Debug/sync.obj
         .\Debug/ttree.obj
         .\Debug/w32sock.obj
         .\Debug/wwwapi.obj
         .\Debug/xml.obj
     1>class.obj : warning LNK4075: 忽略“/EDITANDCONTINUE”(由于“/OPT:ICF”规范)
            正在创建库 Debug DLL\fastdb.lib 和对象 Debug DLL\fastdb.exp
         fastdb.vcxproj -> D:\code\fastdb2\Debug DLL\fastdb.dll
       Manifest:
         C:\Program Files (x86)\Microsoft SDKs\Windows\v7.0A\bin\mt.exe /nologo /verbose /outputresource:"Debug DLL\fastdb.dll;#2" /manifest "Debug DLL\fastdb.dll.intermediate.manifest"
       FinalizeBuildStatus:
         正在删除文件“Debug DLL\fastdb.unsuccessfulbuild”。
         正在对“Debug DLL\fastdb.lastbuildstate”执行 Touch 任务。
     1>已完成生成项目“D:\code\fastdb2\fastdb.vcxproj”(build 个目标)的操作。

生成成功。

已用时间 00:00:26.82
