生成启动时间为 2019/7/10 10:49:31。
     1>项目“D:\开发\fastdb_browser\make\cli.vcxproj”在节点 2 上(rebuild 个目标)。
     1>InitializeBuildStatus:
         正在创建“.\Debug/cli\cli.unsuccessfulbuild”，因为已指定“AlwaysCreate”。
       ClCompile:
         C:\Program Files (x86)\Microsoft Visual Studio 10.0\VC\bin\CL.exe /c /I..\src\hd\fastdb /ZI /nologo /W3 /WX- /Od /Oy- /D _DEBUG /D WIN32 /D _WINDOWS /D _MBCS /D _USRDLL /D FASTDB_DLL /D USE_QUEUE_MANAGER /D USE_STD_STRING /D THROW_EXCEPTION_ON_ERROR /D SET_NULL_DACL /D AUTOINCREMENT_SUPPORT /D FASTDB_DEBUG=DEBUG_TRACE /D CLONE_IDENTIFIERS /Gm- /EHsc /RTC1 /MDd /GS /fp:precise /Zc:wchar_t /Zc:forScope /Fo".\Debug/cli/" /Fd".\Debug/cli/vc100.pdb" /Gd /TP /analyze- /errorReport:prompt ..\src\fastdb\cli.cpp ..\src\fastdb\repsock.cpp ..\src\fastdb\sync.cpp ..\src\fastdb\w32sock.cpp
         cli.cpp
     1>d:\开发\fastdb_browser\src\hd\fastdb\sync_w32.h(336): warning C4244: “参数”: 从“time_t”转换到“DWORD”，可能丢失数据
     1>d:\开发\fastdb_browser\src\hd\fastdb\sync_w32.h(363): warning C4244: “参数”: 从“time_t”转换到“DWORD”，可能丢失数据
     1>d:\开发\fastdb_browser\src\fastdb\cli.cpp(450): warning C4996: 'strcpy': This function or variable may be unsafe. Consider using strcpy_s instead. To disable deprecation, use _CRT_SECURE_NO_WARNINGS. See online help for details.
                 c:\program files (x86)\microsoft visual studio 10.0\vc\include\string.h(105) : 参见“strcpy”的声明
     1>d:\开发\fastdb_browser\src\fastdb\cli.cpp(506): warning C4996: 'strcpy': This function or variable may be unsafe. Consider using strcpy_s instead. To disable deprecation, use _CRT_SECURE_NO_WARNINGS. See online help for details.
                 c:\program files (x86)\microsoft visual studio 10.0\vc\include\string.h(105) : 参见“strcpy”的声明
     1>d:\开发\fastdb_browser\src\fastdb\cli.cpp(841): warning C4996: 'strcpy': This function or variable may be unsafe. Consider using strcpy_s instead. To disable deprecation, use _CRT_SECURE_NO_WARNINGS. See online help for details.
                 c:\program files (x86)\microsoft visual studio 10.0\vc\include\string.h(105) : 参见“strcpy”的声明
     1>d:\开发\fastdb_browser\src\fastdb\cli.cpp(1487): warning C4996: 'strcpy': This function or variable may be unsafe. Consider using strcpy_s instead. To disable deprecation, use _CRT_SECURE_NO_WARNINGS. See online help for details.
                 c:\program files (x86)\microsoft visual studio 10.0\vc\include\string.h(105) : 参见“strcpy”的声明
     1>d:\开发\fastdb_browser\src\fastdb\cli.cpp(1670): warning C4996: 'strcpy': This function or variable may be unsafe. Consider using strcpy_s instead. To disable deprecation, use _CRT_SECURE_NO_WARNINGS. See online help for details.
                 c:\program files (x86)\microsoft visual studio 10.0\vc\include\string.h(105) : 参见“strcpy”的声明
     1>d:\开发\fastdb_browser\src\fastdb\cli.cpp(1678): warning C4996: 'strcpy': This function or variable may be unsafe. Consider using strcpy_s instead. To disable deprecation, use _CRT_SECURE_NO_WARNINGS. See online help for details.
                 c:\program files (x86)\microsoft visual studio 10.0\vc\include\string.h(105) : 参见“strcpy”的声明
     1>d:\开发\fastdb_browser\src\fastdb\cli.cpp(1683): warning C4996: 'strcpy': This function or variable may be unsafe. Consider using strcpy_s instead. To disable deprecation, use _CRT_SECURE_NO_WARNINGS. See online help for details.
                 c:\program files (x86)\microsoft visual studio 10.0\vc\include\string.h(105) : 参见“strcpy”的声明
     1>d:\开发\fastdb_browser\src\fastdb\cli.cpp(1693): warning C4996: 'strcpy': This function or variable may be unsafe. Consider using strcpy_s instead. To disable deprecation, use _CRT_SECURE_NO_WARNINGS. See online help for details.
                 c:\program files (x86)\microsoft visual studio 10.0\vc\include\string.h(105) : 参见“strcpy”的声明
     1>d:\开发\fastdb_browser\src\fastdb\cli.cpp(1735): warning C4996: 'strcpy': This function or variable may be unsafe. Consider using strcpy_s instead. To disable deprecation, use _CRT_SECURE_NO_WARNINGS. See online help for details.
                 c:\program files (x86)\microsoft visual studio 10.0\vc\include\string.h(105) : 参见“strcpy”的声明
     1>d:\开发\fastdb_browser\src\fastdb\cli.cpp(1770): warning C4996: 'strcpy': This function or variable may be unsafe. Consider using strcpy_s instead. To disable deprecation, use _CRT_SECURE_NO_WARNINGS. See online help for details.
                 c:\program files (x86)\microsoft visual studio 10.0\vc\include\string.h(105) : 参见“strcpy”的声明
     1>d:\开发\fastdb_browser\src\fastdb\cli.cpp(1772): warning C4996: 'strcpy': This function or variable may be unsafe. Consider using strcpy_s instead. To disable deprecation, use _CRT_SECURE_NO_WARNINGS. See online help for details.
                 c:\program files (x86)\microsoft visual studio 10.0\vc\include\string.h(105) : 参见“strcpy”的声明
         repsock.cpp
     1>d:\开发\fastdb_browser\src\hd\fastdb\sync_w32.h(336): warning C4244: “参数”: 从“time_t”转换到“DWORD”，可能丢失数据
     1>d:\开发\fastdb_browser\src\hd\fastdb\sync_w32.h(363): warning C4244: “参数”: 从“time_t”转换到“DWORD”，可能丢失数据
     1>d:\开发\fastdb_browser\src\fastdb\repsock.cpp(152): warning C4996: 'strncpy': This function or variable may be unsafe. Consider using strncpy_s instead. To disable deprecation, use _CRT_SECURE_NO_WARNINGS. See online help for details.
                 c:\program files (x86)\microsoft visual studio 10.0\vc\include\string.h(188) : 参见“strncpy”的声明
         sync.cpp
     1>d:\开发\fastdb_browser\src\hd\fastdb\sync_w32.h(336): warning C4244: “参数”: 从“time_t”转换到“DWORD”，可能丢失数据
     1>d:\开发\fastdb_browser\src\hd\fastdb\sync_w32.h(363): warning C4244: “参数”: 从“time_t”转换到“DWORD”，可能丢失数据
         w32sock.cpp
     1>d:\开发\fastdb_browser\src\hd\fastdb\sync_w32.h(336): warning C4244: “参数”: 从“time_t”转换到“DWORD”，可能丢失数据
     1>d:\开发\fastdb_browser\src\hd\fastdb\sync_w32.h(363): warning C4244: “参数”: 从“time_t”转换到“DWORD”，可能丢失数据
     1>d:\开发\fastdb_browser\src\fastdb\w32sock.cpp(110): warning C4996: 'sscanf': This function or variable may be unsafe. Consider using sscanf_s instead. To disable deprecation, use _CRT_SECURE_NO_WARNINGS. See online help for details.
                 c:\program files (x86)\microsoft visual studio 10.0\vc\include\stdio.h(325) : 参见“sscanf”的声明
     1>d:\开发\fastdb_browser\src\fastdb\w32sock.cpp(129): warning C4996: 'stricmp': The POSIX name for this item is deprecated. Instead, use the ISO C++ conformant name: _stricmp. See online help for details.
                 c:\program files (x86)\microsoft visual studio 10.0\vc\include\string.h(246) : 参见“stricmp”的声明
     1>d:\开发\fastdb_browser\src\fastdb\w32sock.cpp(229): warning C4996: 'sprintf': This function or variable may be unsafe. Consider using sprintf_s instead. To disable deprecation, use _CRT_SECURE_NO_WARNINGS. See online help for details.
                 c:\program files (x86)\microsoft visual studio 10.0\vc\include\stdio.h(371) : 参见“sprintf”的声明
     1>d:\开发\fastdb_browser\src\fastdb\w32sock.cpp(244): warning C4996: 'strncpy': This function or variable may be unsafe. Consider using strncpy_s instead. To disable deprecation, use _CRT_SECURE_NO_WARNINGS. See online help for details.
                 c:\program files (x86)\microsoft visual studio 10.0\vc\include\string.h(188) : 参见“strncpy”的声明
     1>d:\开发\fastdb_browser\src\fastdb\w32sock.cpp(321): warning C4996: 'sscanf': This function or variable may be unsafe. Consider using sscanf_s instead. To disable deprecation, use _CRT_SECURE_NO_WARNINGS. See online help for details.
                 c:\program files (x86)\microsoft visual studio 10.0\vc\include\stdio.h(325) : 参见“sscanf”的声明
     1>d:\开发\fastdb_browser\src\fastdb\w32sock.cpp(386): warning C4244: “参数”: 从“time_t”转换到“DWORD”，可能丢失数据
     1>d:\开发\fastdb_browser\src\fastdb\w32sock.cpp(424): warning C4244: “=”: 从“time_t”转换到“long”，可能丢失数据
     1>d:\开发\fastdb_browser\src\fastdb\w32sock.cpp(565): warning C4996: 'strcpy': This function or variable may be unsafe. Consider using strcpy_s instead. To disable deprecation, use _CRT_SECURE_NO_WARNINGS. See online help for details.
                 c:\program files (x86)\microsoft visual studio 10.0\vc\include\string.h(105) : 参见“strcpy”的声明
     1>d:\开发\fastdb_browser\src\fastdb\w32sock.cpp(579): warning C4996: 'strcpy': This function or variable may be unsafe. Consider using strcpy_s instead. To disable deprecation, use _CRT_SECURE_NO_WARNINGS. See online help for details.
                 c:\program files (x86)\microsoft visual studio 10.0\vc\include\string.h(105) : 参见“strcpy”的声明
     1>d:\开发\fastdb_browser\src\fastdb\w32sock.cpp(694): warning C4244: “参数”: 从“time_t”转换到“DWORD”，可能丢失数据
     1>d:\开发\fastdb_browser\src\fastdb\w32sock.cpp(802): warning C4996: 'strcpy': This function or variable may be unsafe. Consider using strcpy_s instead. To disable deprecation, use _CRT_SECURE_NO_WARNINGS. See online help for details.
                 c:\program files (x86)\microsoft visual studio 10.0\vc\include\string.h(105) : 参见“strcpy”的声明
     1>d:\开发\fastdb_browser\src\fastdb\w32sock.cpp(814): warning C4996: 'sprintf': This function or variable may be unsafe. Consider using sprintf_s instead. To disable deprecation, use _CRT_SECURE_NO_WARNINGS. See online help for details.
                 c:\program files (x86)\microsoft visual studio 10.0\vc\include\stdio.h(371) : 参见“sprintf”的声明
     1>d:\开发\fastdb_browser\src\fastdb\w32sock.cpp(835): warning C4996: 'sprintf': This function or variable may be unsafe. Consider using sprintf_s instead. To disable deprecation, use _CRT_SECURE_NO_WARNINGS. See online help for details.
                 c:\program files (x86)\microsoft visual studio 10.0\vc\include\stdio.h(371) : 参见“sprintf”的声明
     1>d:\开发\fastdb_browser\src\fastdb\w32sock.cpp(1031): warning C4996: 'strcpy': This function or variable may be unsafe. Consider using strcpy_s instead. To disable deprecation, use _CRT_SECURE_NO_WARNINGS. See online help for details.
                 c:\program files (x86)\microsoft visual studio 10.0\vc\include\string.h(105) : 参见“strcpy”的声明
     1>d:\开发\fastdb_browser\src\fastdb\w32sock.cpp(1071): warning C4996: 'strncpy': This function or variable may be unsafe. Consider using strncpy_s instead. To disable deprecation, use _CRT_SECURE_NO_WARNINGS. See online help for details.
                 c:\program files (x86)\microsoft visual studio 10.0\vc\include\string.h(188) : 参见“strncpy”的声明
     1>d:\开发\fastdb_browser\src\fastdb\w32sock.cpp(1075): warning C4996: 'strncpy': This function or variable may be unsafe. Consider using strncpy_s instead. To disable deprecation, use _CRT_SECURE_NO_WARNINGS. See online help for details.
                 c:\program files (x86)\microsoft visual studio 10.0\vc\include\string.h(188) : 参见“strncpy”的声明
     1>d:\开发\fastdb_browser\src\fastdb\w32sock.cpp(1079): warning C4996: 'strncpy': This function or variable may be unsafe. Consider using strncpy_s instead. To disable deprecation, use _CRT_SECURE_NO_WARNINGS. See online help for details.
                 c:\program files (x86)\microsoft visual studio 10.0\vc\include\string.h(188) : 参见“strncpy”的声明
     1>d:\开发\fastdb_browser\src\fastdb\w32sock.cpp(1083): warning C4996: 'strncpy': This function or variable may be unsafe. Consider using strncpy_s instead. To disable deprecation, use _CRT_SECURE_NO_WARNINGS. See online help for details.
                 c:\program files (x86)\microsoft visual studio 10.0\vc\include\string.h(188) : 参见“strncpy”的声明
     1>d:\开发\fastdb_browser\src\fastdb\w32sock.cpp(1125): warning C4996: 'sprintf': This function or variable may be unsafe. Consider using sprintf_s instead. To disable deprecation, use _CRT_SECURE_NO_WARNINGS. See online help for details.
                 c:\program files (x86)\microsoft visual studio 10.0\vc\include\stdio.h(371) : 参见“sprintf”的声明
     1>d:\开发\fastdb_browser\src\fastdb\w32sock.cpp(1141): warning C4996: 'sprintf': This function or variable may be unsafe. Consider using sprintf_s instead. To disable deprecation, use _CRT_SECURE_NO_WARNINGS. See online help for details.
                 c:\program files (x86)\microsoft visual studio 10.0\vc\include\stdio.h(371) : 参见“sprintf”的声明
     1>d:\开发\fastdb_browser\src\fastdb\w32sock.cpp(1176): warning C4244: “参数”: 从“time_t”转换到“DWORD”，可能丢失数据
         正在生成代码...
     1>项目“D:\开发\fastdb_browser\make\cli.vcxproj”(1)正在节点 2 上生成“D:\开发\fastdb_browser\make\fastdb_lib.vcxproj”(2:3) (GetResolvedLinkLibs 个目标)。
     2>PrepareForBuild:
         正在创建目录“.\Debug\fastdb_lib\”。
     2>已完成生成项目“D:\开发\fastdb_browser\make\fastdb_lib.vcxproj”(GetResolvedLinkLibs 个目标)的操作。
     1>Link:
         C:\Program Files (x86)\Microsoft Visual Studio 10.0\VC\bin\link.exe /ERRORREPORT:PROMPT /OUT:".\../bin_debug/cli.dll" /INCREMENTAL:NO /NOLOGO wsock32.lib kernel32.lib user32.lib gdi32.lib winspool.lib comdlg32.lib advapi32.lib shell32.lib ole32.lib oleaut32.lib uuid.lib odbc32.lib odbccp32.lib /MANIFEST /ManifestFile:".\Debug/cli\cli.dll.intermediate.manifest" /MANIFESTUAC:"level='asInvoker' uiAccess='false'" /DEBUG /PDB:".\../bin_debug/cli.pdb" /TLBID:1 /DYNAMICBASE /NXCOMPAT /IMPLIB:".\../bin_debug/cli.lib" /MACHINE:X86 /DLL .\Debug/cli/cli.obj
         .\Debug/cli/repsock.obj
         .\Debug/cli/sync.obj
         .\Debug/cli/w32sock.obj
         "D:\开发\fastdb_browser\bin_debug\fastdb_lib.lib"
     1>cli.obj : warning LNK4075: 忽略“/EDITANDCONTINUE”(由于“/INCREMENTAL:NO”规范)
     1>LINK : fatal error LNK1181: 无法打开输入文件“D:\开发\fastdb_browser\bin_debug\fastdb_lib.lib”
     1>已完成生成项目“D:\开发\fastdb_browser\make\cli.vcxproj”(rebuild 个目标)的操作 - 失败。

生成失败。

已用时间 00:00:04.66
