生成启动时间为 2019/7/10 10:53:12。
     1>项目“D:\开发\fastdb\subsqlprj\subsql.vcxproj”在节点 2 上(rebuild 个目标)。
     1>InitializeBuildStatus:
         正在创建“.\Debug\subsql.unsuccessfulbuild”，因为已指定“AlwaysCreate”。
       ClCompile:
         C:\Program Files (x86)\Microsoft Visual Studio 10.0\VC\bin\CL.exe /c /I..\inc /ZI /nologo /W3 /WX- /Od /Oy- /D WIN32 /D _WIN32 /D _DEBUG /D _CONSOLE /D USE_LOCALE_SETTINGS /D USE_STD_STRING /D AUTOINCREMENT_SUPPORT /D THROW_EXCEPTION_ON_ERROR /D _VC80_UPGRADE=0x0600 /D _MBCS /Gm- /EHsc /RTC1 /MTd /GS /fp:precise /Zc:wchar_t /Zc:forScope /Fo".\Debug/" /Fd".\Debug/vc100.pdb" /Gd /TP /analyze- /errorReport:prompt ..\src\subsql.cpp
         subsql.cpp
       ManifestResourceCompile:
         C:\Program Files (x86)\Microsoft SDKs\Windows\v7.0A\bin\rc.exe /nologo /fo".\Debug\subsql.exe.embed.manifest.res" .\Debug\subsql_manifest.rc 
       Link:
         C:\Program Files (x86)\Microsoft Visual Studio 10.0\VC\bin\link.exe /ERRORREPORT:PROMPT /OUT:"Debug\subsql.exe" /INCREMENTAL /NOLOGO ..\Debug\fastdb.lib odbc32.lib odbccp32.lib wsock32.lib kernel32.lib user32.lib gdi32.lib winspool.lib comdlg32.lib advapi32.lib shell32.lib ole32.lib oleaut32.lib uuid.lib odbc32.lib odbccp32.lib /MANIFEST /ManifestFile:".\Debug\subsql.exe.intermediate.manifest" /MANIFESTUAC:"level='asInvoker' uiAccess='false'" /DEBUG /PDB:"Debug\subsql.pdb" /SUBSYSTEM:CONSOLE /TLBID:1 /DYNAMICBASE:NO /IMPLIB:".\Debug\subsql.lib" /MACHINE:X86 .\Debug\subsql.exe.embed.manifest.res
         .\Debug/subsql.obj
         "D:\开发\fastdb\Debug\fastdb.lib"
       Manifest:
         正在删除文件“.\Debug\subsql.exe.embed.manifest”。
         C:\Program Files (x86)\Microsoft SDKs\Windows\v7.0A\bin\mt.exe /nologo /verbose /out:".\Debug\subsql.exe.embed.manifest" /manifest .\Debug\subsql.exe.intermediate.manifest
         C:\Program Files (x86)\Microsoft SDKs\Windows\v7.0A\bin\rc.exe /nologo /fo".\Debug\subsql.exe.embed.manifest.res" .\Debug\subsql_manifest.rc 
       LinkEmbedManifest:
         C:\Program Files (x86)\Microsoft Visual Studio 10.0\VC\bin\link.exe /ERRORREPORT:PROMPT /OUT:"Debug\subsql.exe" /INCREMENTAL /NOLOGO ..\Debug\fastdb.lib odbc32.lib odbccp32.lib wsock32.lib kernel32.lib user32.lib gdi32.lib winspool.lib comdlg32.lib advapi32.lib shell32.lib ole32.lib oleaut32.lib uuid.lib odbc32.lib odbccp32.lib /MANIFEST /ManifestFile:".\Debug\subsql.exe.intermediate.manifest" /MANIFESTUAC:"level='asInvoker' uiAccess='false'" /DEBUG /PDB:"Debug\subsql.pdb" /SUBSYSTEM:CONSOLE /TLBID:1 /DYNAMICBASE:NO /IMPLIB:".\Debug\subsql.lib" /MACHINE:X86 .\Debug\subsql.exe.embed.manifest.res
         .\Debug/subsql.obj
         "D:\开发\fastdb\Debug\fastdb.lib"
         subsql.vcxproj -> D:\开发\fastdb\subsqlprj\.\Debug\subsql.exe
       FinalizeBuildStatus:
         正在删除文件“.\Debug\subsql.unsuccessfulbuild”。
         正在对“.\Debug\subsql.lastbuildstate”执行 Touch 任务。
     1>已完成生成项目“D:\开发\fastdb\subsqlprj\subsql.vcxproj”(rebuild 个目标)的操作。

生成成功。

已用时间 00:00:04.66
