D:\code\fastdb\CLI\Debug DLL\cl.command.1.tlog
D:\code\fastdb\CLI\Debug DLL\CL.read.1.tlog
D:\code\fastdb\CLI\Debug DLL\CL.write.1.tlog
D:\CODE\FASTDB\CLI\DEBUG DLL\CLI.DLL
D:\CODE\FASTDB\CLI\DEBUG DLL\CLI.DLL.INTERMEDIATE.MANIFEST
D:\code\fastdb\CLI\Debug DLL\cli.exp
D:\code\fastdb\CLI\Debug DLL\cli.lib
D:\code\fastdb\CLI\Debug DLL\cli.vcxprojResolveAssemblyReference.cache
D:\code\fastdb\CLI\Debug DLL\cli.write.1.tlog
D:\code\fastdb\CLI\Debug DLL\link.command.1.tlog
D:\code\fastdb\CLI\Debug DLL\link.read.1.tlog
D:\code\fastdb\CLI\Debug DLL\link.write.1.tlog
D:\code\fastdb\CLI\Debug DLL\mt.command.1.tlog
D:\code\fastdb\CLI\Debug DLL\mt.read.1.tlog
D:\code\fastdb\CLI\Debug DLL\mt.write.1.tlog
D:\CODE\FASTDB\CLI\DEBUG\CLI.OBJ
D:\CODE\FASTDB\CLI\DEBUG\REPSOCK.OBJ
D:\CODE\FASTDB\CLI\DEBUG\STDTP.OBJ
D:\CODE\FASTDB\CLI\DEBUG\VC100.PDB
D:\CODE\FASTDB\CLI\DEBUG\W32SOCK.OBJ
