生成启动时间为 2019/7/10 11:33:00。
     1>项目“D:\开发\fastdb\fastdb.vcxproj”在节点 2 上(build 个目标)。
     1>InitializeBuildStatus:
         正在创建“.\Release\fastdb.unsuccessfulbuild”，因为已指定“AlwaysCreate”。
       ClCompile:
         所有输出均为最新。
       Lib:
         C:\Program Files (x86)\Microsoft Visual Studio 10.0\VC\bin\Lib.exe /OUT:".\Release\fastdb.lib" /NOLOGO .\Release/class.obj
         .\Release/compiler.obj
         .\Release/container.obj
         .\Release/cursor.obj
         .\Release/database.obj
         .\Release/file.obj
         .\Release/hashtab.obj
         .\Release/localcli.obj
         .\Release/query.obj
         .\Release/repsock.obj
         .\Release/rtree.obj
         .\Release/server.obj
         .\Release/stdtp.obj
         .\Release/symtab.obj
         .\Release/sync.obj
         .\Release/ttree.obj
         .\Release/w32sock.obj
         .\Release/wwwapi.obj
         .\Release/xml.obj
         fastdb.vcxproj -> D:\开发\fastdb\.\Release\fastdb.lib
       FinalizeBuildStatus:
         正在删除文件“.\Release\fastdb.unsuccessfulbuild”。
         正在对“.\Release\fastdb.lastbuildstate”执行 Touch 任务。
     1>已完成生成项目“D:\开发\fastdb\fastdb.vcxproj”(build 个目标)的操作。

生成成功。

已用时间 00:00:00.42
